<?xml version="1.0" encoding="UTF-8"?>
<!-- Generated by org.testng.reporters.JUnitXMLReporter -->
<testsuite ignored="4" hostname="DESKTOP-I9ETKPH" failures="3" tests="5" name="All tests" time="124.514" errors="0" timestamp="2022-07-12T09:56:54 SELÄŒ">
  <testcase classname="automation.demo.tests.web.alza.login.TC_04" name="test" time="22.722"/>
  <testcase classname="automation.demo.tests.web.alza.shoppingcart.TC_01" name="test" time="16.796"/>
  <testcase classname="automation.demo.tests.web.alza.shoppingcart.TC_01b" name="test" time="26.409">
    <failure type="java.lang.RuntimeException" message="There were some exceptions found during the test">
      <![CDATA[java.lang.RuntimeException: There were some exceptions found during the test
at automation.demo.driver.driver.DriverManager.<init>(DriverManager.java:21)
at automation.demo.driver.driver.web.WebDriver.<init>(WebDriver.java:19)
at automation.demo.driver.driver.web.Chrome.<init>(Chrome.java:8)
at automation.demo.driver.Configuration$Browser$1.init(Configuration.java:66)
at automation.demo.driver.Configuration$Browser$1.init(Configuration.java:1)
at automation.demo.driver.driver.web.WebSession.initDriver(WebSession.java:8)
at automation.demo.WebTest.getWebDriver(WebTest.java:29)
at automation.demo.tests.web.alza.shoppingcart.TC_01b.test(TC_01b.java:17)
at java.base/java.util.concurrent.ThreadPoolExecutor.runWorker(ThreadPoolExecutor.java:1136)
at java.base/java.util.concurrent.ThreadPoolExecutor$Worker.run(ThreadPoolExecutor.java:635)
at java.base/java.lang.Thread.run(Thread.java:833)
Suppressed: java.lang.RuntimeException: Shopping cart is not empty
at automation.demo.objects.web.alza.pages.ShoppingCartPage.assertEmptyShoppingCart(ShoppingCartPage.java:41)
at automation.demo.tests.web.alza.shoppingcart.TC_01b.test(TC_01b.java:35)
... 13 more
... Removed 10 stack frames]]>
    </failure>
  </testcase> <!-- test -->
  <testcase classname="automation.demo.tests.web.alza.shoppingcart.TC_02" name="test" time="23.488">
    <failure type="java.lang.RuntimeException" message="There were some exceptions found during the test">
      <![CDATA[java.lang.RuntimeException: There were some exceptions found during the test
at automation.demo.driver.driver.DriverManager.<init>(DriverManager.java:21)
at automation.demo.driver.driver.web.WebDriver.<init>(WebDriver.java:19)
at automation.demo.driver.driver.web.Chrome.<init>(Chrome.java:8)
at automation.demo.driver.Configuration$Browser$1.init(Configuration.java:66)
at automation.demo.driver.Configuration$Browser$1.init(Configuration.java:1)
at automation.demo.driver.driver.web.WebSession.initDriver(WebSession.java:8)
at automation.demo.WebTest.getWebDriver(WebTest.java:29)
at automation.demo.tests.web.alza.shoppingcart.TC_02.test(TC_02.java:18)
at java.base/java.util.concurrent.ThreadPoolExecutor.runWorker(ThreadPoolExecutor.java:1136)
at java.base/java.util.concurrent.ThreadPoolExecutor$Worker.run(ThreadPoolExecutor.java:635)
at java.base/java.lang.Thread.run(Thread.java:833)
Suppressed: java.lang.RuntimeException: Expected [count|price] : [1|26590,000000]. Received : [1|18990,000000]
at automation.demo.objects.web.alza.components.buttons.ShoppingCartButton.checkValues(ShoppingCartButton.java:39)
at automation.demo.objects.web.alza.page_sections.HeaderPageSection.checkShoppingCartButtonValues(HeaderPageSection.java:50)
at automation.demo.objects.web.alza.CategoryPage.checkShoppingCartButtonValues(CategoryPage.java:53)
at automation.demo.tests.web.alza.shoppingcart.TC_02.test(TC_02.java:34)
... 13 more
... Removed 10 stack frames]]>
    </failure>
  </testcase> <!-- test -->
  <testcase classname="automation.demo.tests.web.alza.shoppingcart.TC_03" name="test" time="22.574">
    <failure type="java.lang.RuntimeException" message="There were some exceptions found during the test">
      <![CDATA[java.lang.RuntimeException: There were some exceptions found during the test
at automation.demo.driver.driver.DriverManager.<init>(DriverManager.java:21)
at automation.demo.driver.driver.web.WebDriver.<init>(WebDriver.java:19)
at automation.demo.driver.driver.web.Chrome.<init>(Chrome.java:8)
at automation.demo.driver.Configuration$Browser$1.init(Configuration.java:66)
at automation.demo.driver.Configuration$Browser$1.init(Configuration.java:1)
at automation.demo.driver.driver.web.WebSession.initDriver(WebSession.java:8)
at automation.demo.WebTest.getWebDriver(WebTest.java:29)
at automation.demo.tests.web.alza.shoppingcart.TC_03.test(TC_03.java:15)
at java.base/java.util.concurrent.ThreadPoolExecutor.runWorker(ThreadPoolExecutor.java:1136)
at java.base/java.util.concurrent.ThreadPoolExecutor$Worker.run(ThreadPoolExecutor.java:635)
at java.base/java.lang.Thread.run(Thread.java:833)
Suppressed: org.openqa.selenium.WebDriverException: unknown error: unexpected command response
  (Session info: chrome=103.0.5060.114)
Build info: version: '4.2.2', revision: '683ccb65d6'
System info: host: 'DESKTOP-I9ETKPH', ip: '192.168.0.110', os.name: 'Windows 10', os.arch: 'amd64', os.version: '10.0', java.version: '18.0.1.1'
Driver info: org.openqa.selenium.chrome.ChromeDriver
Command: [d3a51f0bd3417aa5b9cb53c6a11f9f86, screenshot {}]
Capabilities {acceptInsecureCerts: false, browserName: chrome, browserVersion: 103.0.5060.114, chrome: {chromedriverVersion: 102.0.5005.61 (0e59bcc00cc4..., userDataDir: C:\Users\miros\AppData\Loca...}, goog:chromeOptions: {debuggerAddress: localhost:64216}, networkConnectionEnabled: false, pageLoadStrategy: normal, platformName: WINDOWS, proxy: Proxy(), se:cdp: ws://localhost:64216/devtoo..., se:cdpVersion: 103.0.5060.114, setWindowRect: true, strictFileInteractability: false, timeouts: {implicit: 0, pageLoad: 300000, script: 30000}, unhandledPromptBehavior: dismiss and notify, webauthn:extension:credBlob: true, webauthn:extension:largeBlob: true, webauthn:virtualAuthenticators: true}
Session ID: d3a51f0bd3417aa5b9cb53c6a11f9f86
at org.openqa.selenium.remote.codec.w3c.W3CHttpResponseCodec.createException(W3CHttpResponseCodec.java:200)
at org.openqa.selenium.remote.codec.w3c.W3CHttpResponseCodec.decode(W3CHttpResponseCodec.java:133)
at org.openqa.selenium.remote.codec.w3c.W3CHttpResponseCodec.decode(W3CHttpResponseCodec.java:53)
at org.openqa.selenium.remote.HttpCommandExecutor.execute(HttpCommandExecutor.java:184)
at org.openqa.selenium.remote.service.DriverCommandExecutor.invokeExecute(DriverCommandExecutor.java:167)
at org.openqa.selenium.remote.service.DriverCommandExecutor.execute(DriverCommandExecutor.java:142)
at org.openqa.selenium.remote.RemoteWebDriver.execute(RemoteWebDriver.java:588)
at org.openqa.selenium.remote.RemoteWebDriver.execute(RemoteWebDriver.java:643)
at org.openqa.selenium.remote.RemoteWebDriver.execute(RemoteWebDriver.java:647)
at org.openqa.selenium.remote.RemoteWebDriver.getScreenshotAs(RemoteWebDriver.java:372)
at automation.demo.driver.driver.DriverManager.takeScreenshot(DriverManager.java:59)
at automation.demo.driver.listeners.WebTestListener.onTestFailure(WebTestListener.java:16)
... 9 more
... Removed 16 stack frames]]>
    </failure>
  </testcase> <!-- test -->
  <testcase classname="automation.demo.WebTest" name="@AfterSuite resetAll" time="0.0">
    <ignored/>
  </testcase> <!-- @AfterSuite resetAll -->
  <testcase classname="automation.demo.WebTest" name="@AfterSuite resetAll" time="0.0">
    <ignored/>
  </testcase> <!-- @AfterSuite resetAll -->
  <testcase classname="automation.demo.WebTest" name="@AfterSuite resetAll" time="0.0">
    <ignored/>
  </testcase> <!-- @AfterSuite resetAll -->
  <testcase classname="automation.demo.WebTest" name="@AfterSuite resetAll" time="0.0">
    <ignored/>
  </testcase> <!-- @AfterSuite resetAll -->
</testsuite> <!-- All tests -->
